<?xml version="1.0" encoding="UTF-8"?>
<!-- Generated by org.testng.reporters.JUnitReportReporter -->
<testsuite skipped="0" hostname="LAPTOP-MM0IF1T0" name="testng.NewTest" tests="3" failures="0" timestamp="2023-05-19T09:58:19 IST" time="8.976" errors="0">
  <testcase name="f1" time="2.745" classname="testng.NewTest"/>
  <system-out/>
  <testcase name="f" time="3.338" classname="testng.NewTest"/>
  <system-out/>
  <testcase name="f2" time="2.893" classname="testng.NewTest"/>
  <system-out/>
</testsuite> <!-- testng.NewTest -->
