<?xml version="1.0" encoding="UTF-8"?>
<!-- Generated by org.testng.reporters.JUnitReportReporter -->
<testsuite skipped="0" hostname="LAPTOP-MM0IF1T0" name="dataproviderpara.NewTest" tests="3" failures="0" timestamp="2023-05-22T10:05:00 IST" time="7.851" errors="0">
  <testcase name="f" time="3.486" classname="dataproviderpara.NewTest"/>
  <system-out/>
  <testcase name="f" time="1.865" classname="dataproviderpara.NewTest"/>
  <system-out/>
  <testcase name="f" time="2.500" classname="dataproviderpara.NewTest"/>
  <system-out/>
</testsuite> <!-- dataproviderpara.NewTest -->
