<?xml version="1.0" encoding="UTF-8"?>
<!-- Generated by org.testng.reporters.JUnitReportReporter -->
<testsuite skipped="0" hostname="LAPTOP-MM0IF1T0" name="testngparam.NewTest" tests="3" failures="0" timestamp="2023-05-23T20:06:48 IST" time="16.459" errors="0">
  <testcase name="f" time="7.160" classname="testngparam.NewTest"/>
  <system-out/>
  <testcase name="f" time="4.108" classname="testngparam.NewTest"/>
  <system-out/>
  <testcase name="f" time="5.191" classname="testngparam.NewTest"/>
  <system-out/>
</testsuite> <!-- testngparam.NewTest -->
