<?xml version="1.0" encoding="UTF-8"?>
<!-- Generated by org.testng.reporters.JUnitReportReporter -->
<testsuite skipped="0" hostname="LAPTOP-MM0IF1T0" name="testngpriority.NewTest" tests="3" failures="0" timestamp="2023-05-19T10:15:55 IST" time="7.492" errors="0">
  <testcase name="f1" time="2.825" classname="testngpriority.NewTest"/>
  <system-out/>
  <testcase name="f2" time="2.662" classname="testngpriority.NewTest"/>
  <system-out/>
  <testcase name="f" time="2.005" classname="testngpriority.NewTest"/>
  <system-out/>
</testsuite> <!-- testngpriority.NewTest -->
