<?xml version="1.0" encoding="UTF-8"?>
<!-- Generated by org.testng.reporters.JUnitReportReporter -->
<testsuite skipped="0" hostname="LAPTOP-MM0IF1T0" name="pom2.NewTest" tests="1" failures="0" timestamp="2023-05-25T10:11:59 IST" time="2.928" errors="0">
  <testcase name="f" time="2.928" classname="pom2.NewTest"/>
  <system-out/>
</testsuite> <!-- pom2.NewTest -->
