<?xml version="1.0" encoding="UTF-8"?>
<!-- Generated by org.testng.reporters.JUnitReportReporter -->
<testsuite skipped="0" hostname="LAPTOP-MM0IF1T0" name="annotation.NewTest" tests="1" failures="0" timestamp="2023-05-22T09:28:13 IST" time="2.197" errors="0">
  <testcase name="f" time="2.197" classname="annotation.NewTest"/>
  <system-out/>
</testsuite> <!-- annotation.NewTest -->
