<?xml version="1.0" encoding="UTF-8"?>
<!-- Generated by org.testng.reporters.JUnitReportReporter -->
<testsuite skipped="0" hostname="LAPTOP-MM0IF1T0" name="testng1.NewTest" tests="3" failures="0" timestamp="2023-05-19T10:11:42 IST" time="8.808" errors="0">
  <testcase name="c" time="3.802" classname="testng1.NewTest"/>
  <system-out/>
  <testcase name="a" time="2.594" classname="testng1.NewTest"/>
  <system-out/>
  <testcase name="b" time="2.412" classname="testng1.NewTest"/>
  <system-out/>
</testsuite> <!-- testng1.NewTest -->
